Removed Member From Class: ClassName=U_PHY_Demo Member=C9
Removed Member From Class: ClassName=U_PHY_Demo Member=C12
Removed Member From Class: ClassName=U_PHY_Demo Member=J1
Removed Member From Class: ClassName=U_PHY_Demo Member=R10
Removed Member From Class: ClassName=U_PHY_Demo Member=R11
Removed Member From Class: ClassName=U_PHY_Demo Member=R12
Removed Member From Class: ClassName=U_PHY_Demo Member=R13
Removed Member From Class: ClassName=U_PHY_Demo Member=T1
Added Pin To Net: NetName=NetC11_2 Pin=C6-2
Added Pin To Net: NetName=NetC11_2 Pin=R1-1
Added Pin To Net: NetName=NetR3_1 Pin=R6-2
Added Pin To Net: NetName=NetR3_1 Pin=T1-1
Added Pin To Net: NetName=NetC11_2 Pin=T1-7
Added Pin To Net: NetName=NetR3_1 Pin=U1-34
Change Net Name : Old Net Name=NetC11_2 New Net Name=CT
Change Net Name : Old Net Name=NetR2_1 New Net Name=RD+
Change Net Name : Old Net Name=NetR3_1 New Net Name=RD-
Change Net Name : Old Net Name=NetR5_2 New Net Name=TD-
Added Class: Name=U_Ethernet_Con_Demo
Added Room: Name=U_Ethernet_Con_Demo
Added Room: Name=U_LEDS_Demo
Added Room: Name=U_Parallel Data Interface_Demo
